<?xml version="1.0" encoding="UTF-8"?>
<!-- Generated by org.testng.reporters.JUnitReportReporter -->
<testsuite hostname="KAMET-QA23L" name="test.java.com.site.tests.functionaltests.DummyTest" tests="1" failures="0" timestamp="10 Jul 2016 10:33:05 GMT" time="73.649" errors="0">
  <testcase name="test" time="73.649" classname="test.java.com.site.tests.functionaltests.DummyTest"/>
</testsuite> <!-- DummyTest -->
